
/home/runner/work/exp-objects-classes-attributes-au/exp-objects-classes-attributes-au/experiment/simulation/js/125.2ffbb427.js
  1:916  warning  'e' is defined but never used  no-unused-vars

/home/runner/work/exp-objects-classes-attributes-au/exp-objects-classes-attributes-au/experiment/simulation/js/426.6733e870.js
  1:1411  warning  'e' is defined but never used  no-unused-vars
  1:4159  warning  'e' is defined but never used  no-unused-vars

/home/runner/work/exp-objects-classes-attributes-au/exp-objects-classes-attributes-au/experiment/simulation/js/457.a0130456.js
  1:1082  warning  'e' is defined but never used  no-unused-vars

/home/runner/work/exp-objects-classes-attributes-au/exp-objects-classes-attributes-au/experiment/simulation/js/68.289f6e23.js
  1:2063  warning  'e' is defined but never used  no-unused-vars
  1:4846  warning  'e' is defined but never used  no-unused-vars
  1:4984  warning  'e' is defined but never used  no-unused-vars
  1:5122  warning  'e' is defined but never used  no-unused-vars
  1:5262  warning  'e' is defined but never used  no-unused-vars

/home/runner/work/exp-objects-classes-attributes-au/exp-objects-classes-attributes-au/experiment/simulation/js/763.44a5f8af.js
  1:7969  warning  'e' is defined but never used  no-unused-vars

/home/runner/work/exp-objects-classes-attributes-au/exp-objects-classes-attributes-au/experiment/simulation/js/790.17403f27.js
  1:915  warning  'e' is defined but never used  no-unused-vars

/home/runner/work/exp-objects-classes-attributes-au/exp-objects-classes-attributes-au/experiment/simulation/js/882.9322d4b5.js
  1:1488  warning  'e' is defined but never used  no-unused-vars

/home/runner/work/exp-objects-classes-attributes-au/exp-objects-classes-attributes-au/experiment/simulation/js/965.af1b5e9d.js
  1:543  warning  'e' is defined but never used  no-unused-vars
  1:545  warning  't' is defined but never used  no-unused-vars
  1:547  warning  's' is defined but never used  no-unused-vars
  1:549  warning  'n' is defined but never used  no-unused-vars
  1:551  warning  'r' is defined but never used  no-unused-vars
  1:553  warning  'u' is defined but never used  no-unused-vars

/home/runner/work/exp-objects-classes-attributes-au/exp-objects-classes-attributes-au/experiment/simulation/js/app.59fbc1bb.js
  1:89     warning  'e' is defined but never used           no-unused-vars
  1:91     warning  't' is defined but never used           no-unused-vars
  1:1696   warning  'e' is defined but never used           no-unused-vars
  1:6328   warning  'e' is defined but never used           no-unused-vars
  1:6445   warning  'e' is defined but never used           no-unused-vars
  1:10323  warning  'e' is defined but never used           no-unused-vars
  1:12884  warning  'o' is defined but never used           no-unused-vars
  1:15927  warning  'a' is assigned a value but never used  no-unused-vars

/home/runner/work/exp-objects-classes-attributes-au/exp-objects-classes-attributes-au/experiment/simulation/js/chunk-vendors.e2cb2ade.js
  1:1813   warning  Empty block statement                                                            no-empty
  1:3869   warning  Do not access Object.prototype method 'hasOwnProperty' from target object        no-prototype-builtins
  1:5393   warning  Do not access Object.prototype method 'propertyIsEnumerable' from target object  no-prototype-builtins
  1:6023   warning  'b.get' is assigned to itself                                                    no-self-assign
  1:6035   warning  'b.has' is assigned to itself                                                    no-self-assign
  1:6047   warning  'b.set' is assigned to itself                                                    no-self-assign
  1:8167   warning  Empty block statement                                                            no-empty
  1:8953   warning  Empty block statement                                                            no-empty
  1:9258   warning  Empty block statement                                                            no-empty
  1:13495  warning  'e' is defined but never used                                                    no-unused-vars
  1:13910  warning  'e' is defined but never used                                                    no-unused-vars
  1:16506  warning  't' is defined but never used                                                    no-unused-vars
  1:16606  warning  'i' is defined but never used                                                    no-unused-vars
  1:16608  warning  's' is defined but never used                                                    no-unused-vars
  1:17295  warning  't' is defined but never used                                                    no-unused-vars
  1:19042  warning  'e' is defined but never used                                                    no-unused-vars
  1:19044  warning  't' is defined but never used                                                    no-unused-vars
  1:19072  warning  'e' is defined but never used                                                    no-unused-vars
  1:19074  warning  't' is defined but never used                                                    no-unused-vars
  1:20713  warning  't' is defined but never used                                                    no-unused-vars
  1:22805  warning  't' is defined but never used                                                    no-unused-vars
  1:25427  warning  'r' is assigned a value but never used                                           no-unused-vars
  1:26110  warning  'e' is defined but never used                                                    no-unused-vars
  1:27788  warning  'n' is defined but never used                                                    no-unused-vars
  1:29980  warning  'u' is assigned a value but never used                                           no-unused-vars
  1:29992  warning  'a' is assigned a value but never used                                           no-unused-vars
  1:32302  warning  'e' is assigned a value but never used                                           no-unused-vars
  1:34823  warning  'de' is defined but never used                                                   no-unused-vars
  1:35281  warning  'ye' is defined but never used                                                   no-unused-vars
  1:35332  warning  'be' is defined but never used                                                   no-unused-vars
  1:36347  warning  'n' is assigned a value but never used                                           no-unused-vars
  1:38999  warning  'b' is assigned a value but never used                                           no-unused-vars
  1:39027  warning  'w' is assigned a value but never used                                           no-unused-vars
  1:39175  warning  'A' is assigned a value but never used                                           no-unused-vars
  1:39632  warning  Setter cannot return a value                                                     no-setter-return
  1:40072  warning  Setter cannot return a value                                                     no-setter-return
  1:40232  warning  'n' is assigned a value but never used                                           no-unused-vars
  1:40472  warning  Setter cannot return a value                                                     no-setter-return
  1:44867  warning  'n' is defined but never used                                                    no-unused-vars
  1:62363  warning  'n' is defined but never used                                                    no-unused-vars
  1:64489  warning  Unexpected constant condition                                                    no-constant-condition
  1:65714  warning  'i' is defined but never used                                                    no-unused-vars
  1:66749  warning  Expected a conditional expression and instead saw an assignment                  no-cond-assign
  1:75270  warning  Do not access Object.prototype method 'hasOwnProperty' from target object        no-prototype-builtins
  1:75292  warning  Do not access Object.prototype method 'hasOwnProperty' from target object        no-prototype-builtins
  7:1707   warning  Unnecessary escape character: \/                                                 no-useless-escape
  7:2935   warning  't' is defined but never used                                                    no-unused-vars
  7:10572  warning  Empty block statement                                                            no-empty
  7:14902  warning  'i' is defined but never used                                                    no-unused-vars
  7:20477  warning  'e' is defined but never used                                                    no-unused-vars

✖ 76 problems (0 errors, 76 warnings)

